Classifier info: AdaptiveRandomForestClassifier(binary_split=False, disable_weighted_vote=False,
                               drift_detection_method=ADWIN(delta=0.001),
                               grace_period=50, lambda_value=6,
                               leaf_prediction='nba', max_byte_size=33554432,
                               max_features='auto',
                               memory_estimate_period=2000000, n_estimators=10,
                               nb_threshold=0, no_preprune=False,
                               nominal_attributes=None,
                               performance_metric='acc', random_state=None,
                               remove_poor_atts=False, split_confidence=0.01,
                               split_criterion='info_gain',
                               stop_mem_management=False, tie_threshold=0.05,
                               warning_detection_method=ADWIN(delta=0.01))
Processed 96968 samples
Accuracy: 0.9239955449220362
Total time: 1221.3107030391693 seconds
Processed 193936 samples
Accuracy: 0.9316423974919561
Total time: 2463.6178588867188 seconds
Processed 290904 samples
Accuracy: 0.9318675576822595
Total time: 3743.328814268112 seconds
Processed 387872 samples
Accuracy: 0.9337332934576356
Total time: 5085.105226755142 seconds
Processed 484840 samples
Accuracy: 0.9368018315320518
Total time: 6291.680771827698 seconds
Processed 581011 samples
Accuracy: 0.940171528594123
Total time: 7386.021643877029 seconds