Classifier info: HoeffdingTreeClassifier(binary_split=False, grace_period=200,
                        leaf_prediction='nba', max_byte_size=33554432,
                        memory_estimate_period=1000000, nb_threshold=0,
                        no_preprune=False, nominal_attributes=None,
                        remove_poor_atts=False, split_confidence=1e-07,
                        split_criterion='info_gain', stop_mem_management=False,
                        tie_threshold=0.05)
Processed 96968 samples
Accuracy: 0.8344917911063444
Total time: 257.38462233543396 seconds
Processed 193936 samples
Accuracy: 0.8435824189423314
Total time: 398.7377645969391 seconds
Processed 290904 samples
Accuracy: 0.8360799438990182
Total time: 586.8055517673492 seconds
Processed 387872 samples
Accuracy: 0.8280360531309298
Total time: 770.4567503929138 seconds
Processed 484840 samples
Accuracy: 0.8273719165085389
Total time: 940.3183827400208 seconds
Processed 581011 samples
Accuracy: 0.823357905444131
Total time: 1122.853921175003 seconds